<?xml version="1.0" encoding="UTF-8"?>
<OmniDataTransform xmlns="http://soap.sforce.com/2006/04/metadata">
    <active>false</active>
    <assignmentRulesUsed>false</assignmentRulesUsed>
    <deletedOnSuccess>false</deletedOnSuccess>
    <errorIgnored>false</errorIgnored>
    <expectedInputJson>{
  &quot;Applicants&quot; : [ {
    &quot;FirstName&quot; : &quot;Text&quot;,
    &quot;LastName&quot; : &quot;Text&quot;
  } ],
  &quot;ProductName&quot; : &quot;Text&quot;
}</expectedInputJson>
    <expectedOutputJson>{
  &quot;Applicants&quot; : [ {
    &quot;FirstName&quot; : &quot;Text&quot;,
    &quot;LastName&quot; : &quot;Text&quot;
  } ],
  &quot;ProductName&quot; : &quot;Text&quot;
}</expectedOutputJson>
    <fieldLevelSecurityEnabled>false</fieldLevelSecurityEnabled>
    <inputType>JSON</inputType>
    <name>DigitalLendingRejectionLetterTransformer</name>
    <nullInputsIncludedInOutput>false</nullInputsIncludedInOutput>
    <omniDataTransformItem>
        <disabled>false</disabled>
        <filterGroup>0.0</filterGroup>
        <globalKey>DigitalLendingRejectionLetterTransformerCustom4196</globalKey>
        <inputFieldName>ProductName</inputFieldName>
        <inputObjectQuerySequence>0.0</inputObjectQuerySequence>
        <linkedObjectSequence>0.0</linkedObjectSequence>
        <name>DigitalLendingRejectionLetterTransformer</name>
        <outputCreationSequence>1.0</outputCreationSequence>
        <outputFieldName>ProductName</outputFieldName>
        <outputObjectName>json</outputObjectName>
        <requiredForUpsert>false</requiredForUpsert>
        <upsertKey>false</upsertKey>
    </omniDataTransformItem>
    <omniDataTransformItem>
        <disabled>false</disabled>
        <filterGroup>0.0</filterGroup>
        <globalKey>DigitalLendingRejectionLetterTransformerCustom8372</globalKey>
        <inputFieldName>Applicants:FirstName</inputFieldName>
        <inputObjectQuerySequence>0.0</inputObjectQuerySequence>
        <linkedObjectSequence>0.0</linkedObjectSequence>
        <name>DigitalLendingRejectionLetterTransformer</name>
        <outputCreationSequence>1.0</outputCreationSequence>
        <outputFieldName>Applicants:FirstName</outputFieldName>
        <outputObjectName>json</outputObjectName>
        <requiredForUpsert>false</requiredForUpsert>
        <upsertKey>false</upsertKey>
    </omniDataTransformItem>
    <omniDataTransformItem>
        <disabled>false</disabled>
        <filterGroup>0.0</filterGroup>
        <globalKey>DigitalLendingRejectionLetterTransformerCustom3810</globalKey>
        <inputFieldName>Applicants:LastName</inputFieldName>
        <inputObjectQuerySequence>0.0</inputObjectQuerySequence>
        <linkedObjectSequence>0.0</linkedObjectSequence>
        <name>DigitalLendingRejectionLetterTransformer</name>
        <outputCreationSequence>1.0</outputCreationSequence>
        <outputFieldName>Applicants:LastName</outputFieldName>
        <outputObjectName>json</outputObjectName>
        <requiredForUpsert>false</requiredForUpsert>
        <upsertKey>false</upsertKey>
    </omniDataTransformItem>
    <outputType>JSON</outputType>
    <processSuperBulk>false</processSuperBulk>
    <responseCacheTtlMinutes>0.0</responseCacheTtlMinutes>
    <rollbackOnError>false</rollbackOnError>
    <sourceObject>json</sourceObject>
    <sourceObjectDefault>false</sourceObjectDefault>
    <synchronousProcessThreshold>0.0</synchronousProcessThreshold>
    <targetOutputFileName>SAMPLE_LoanRejectionTemplate(Version 1)</targetOutputFileName>
    <type>Transform</type>
    <uniqueName>DigitalLendingRejectionLetterTransformer_1</uniqueName>
    <versionNumber>1.0</versionNumber>
    <xmlDeclarationRemoved>false</xmlDeclarationRemoved>
</OmniDataTransform>
